Determining if the _WIN32 exist failed with the following output:
Change Dir: /mnt/c/LCY/USTC/chogori/hot/tests/CMakeFiles/CMakeTmp

Run Build Command(s):/usr/bin/make cmTC_30e38/fast && /usr/bin/make -f CMakeFiles/cmTC_30e38.dir/build.make CMakeFiles/cmTC_30e38.dir/build
make[1]: Entering directory '/mnt/c/LCY/USTC/chogori/hot/tests/CMakeFiles/CMakeTmp'
Building CXX object CMakeFiles/cmTC_30e38.dir/CheckSymbolExists.cxx.o
/usr/bin/c++    -std=c++14 -march=native -mavx -mavx2 -mbmi2 -mlzcnt -Wno-deprecated-declarations -Wall -fno-builtin-malloc -fno-builtin-calloc -fno-builtin-realloc -fno-builtin-free -faligned-new    -o CMakeFiles/cmTC_30e38.dir/CheckSymbolExists.cxx.o -c /mnt/c/LCY/USTC/chogori/hot/tests/CMakeFiles/CMakeTmp/CheckSymbolExists.cxx
/mnt/c/LCY/USTC/chogori/hot/tests/CMakeFiles/CMakeTmp/CheckSymbolExists.cxx: In function ‘int main(int, char**)’:
/mnt/c/LCY/USTC/chogori/hot/tests/CMakeFiles/CMakeTmp/CheckSymbolExists.cxx:7:19: error: ‘_WIN32’ was not declared in this scope
    7 |   return ((int*)(&_WIN32))[argc];
      |                   ^~~~~~
make[1]: *** [CMakeFiles/cmTC_30e38.dir/build.make:66: CMakeFiles/cmTC_30e38.dir/CheckSymbolExists.cxx.o] Error 1
make[1]: Leaving directory '/mnt/c/LCY/USTC/chogori/hot/tests/CMakeFiles/CMakeTmp'
make: *** [Makefile:121: cmTC_30e38/fast] Error 2


File /mnt/c/LCY/USTC/chogori/hot/tests/CMakeFiles/CMakeTmp/CheckSymbolExists.cxx:
/* */

int main(int argc, char** argv)
{
  (void)argv;
#ifndef _WIN32
  return ((int*)(&_WIN32))[argc];
#else
  (void)argc;
  return 0;
#endif
}
Determining if the __APPLE__ exist failed with the following output:
Change Dir: /mnt/c/LCY/USTC/chogori/hot/tests/CMakeFiles/CMakeTmp

Run Build Command(s):/usr/bin/make cmTC_09cbc/fast && /usr/bin/make -f CMakeFiles/cmTC_09cbc.dir/build.make CMakeFiles/cmTC_09cbc.dir/build
make[1]: Entering directory '/mnt/c/LCY/USTC/chogori/hot/tests/CMakeFiles/CMakeTmp'
Building CXX object CMakeFiles/cmTC_09cbc.dir/CheckSymbolExists.cxx.o
/usr/bin/c++    -std=c++14 -march=native -mavx -mavx2 -mbmi2 -mlzcnt -Wno-deprecated-declarations -Wall -fno-builtin-malloc -fno-builtin-calloc -fno-builtin-realloc -fno-builtin-free -faligned-new    -o CMakeFiles/cmTC_09cbc.dir/CheckSymbolExists.cxx.o -c /mnt/c/LCY/USTC/chogori/hot/tests/CMakeFiles/CMakeTmp/CheckSymbolExists.cxx
/mnt/c/LCY/USTC/chogori/hot/tests/CMakeFiles/CMakeTmp/CheckSymbolExists.cxx: In function ‘int main(int, char**)’:
/mnt/c/LCY/USTC/chogori/hot/tests/CMakeFiles/CMakeTmp/CheckSymbolExists.cxx:7:19: error: ‘__APPLE__’ was not declared in this scope; did you mean ‘__FILE__’?
    7 |   return ((int*)(&__APPLE__))[argc];
      |                   ^~~~~~~~~
      |                   __FILE__
make[1]: *** [CMakeFiles/cmTC_09cbc.dir/build.make:66: CMakeFiles/cmTC_09cbc.dir/CheckSymbolExists.cxx.o] Error 1
make[1]: Leaving directory '/mnt/c/LCY/USTC/chogori/hot/tests/CMakeFiles/CMakeTmp'
make: *** [Makefile:121: cmTC_09cbc/fast] Error 2


File /mnt/c/LCY/USTC/chogori/hot/tests/CMakeFiles/CMakeTmp/CheckSymbolExists.cxx:
/* */

int main(int argc, char** argv)
{
  (void)argv;
#ifndef __APPLE__
  return ((int*)(&__APPLE__))[argc];
#else
  (void)argc;
  return 0;
#endif
}
Determining if the __ANDROID__ exist failed with the following output:
Change Dir: /mnt/c/LCY/USTC/chogori/hot/tests/CMakeFiles/CMakeTmp

Run Build Command(s):/usr/bin/make cmTC_d430e/fast && /usr/bin/make -f CMakeFiles/cmTC_d430e.dir/build.make CMakeFiles/cmTC_d430e.dir/build
make[1]: Entering directory '/mnt/c/LCY/USTC/chogori/hot/tests/CMakeFiles/CMakeTmp'
Building CXX object CMakeFiles/cmTC_d430e.dir/CheckSymbolExists.cxx.o
/usr/bin/c++    -std=c++14 -march=native -mavx -mavx2 -mbmi2 -mlzcnt -Wno-deprecated-declarations -Wall -fno-builtin-malloc -fno-builtin-calloc -fno-builtin-realloc -fno-builtin-free -faligned-new    -o CMakeFiles/cmTC_d430e.dir/CheckSymbolExists.cxx.o -c /mnt/c/LCY/USTC/chogori/hot/tests/CMakeFiles/CMakeTmp/CheckSymbolExists.cxx
/mnt/c/LCY/USTC/chogori/hot/tests/CMakeFiles/CMakeTmp/CheckSymbolExists.cxx: In function ‘int main(int, char**)’:
/mnt/c/LCY/USTC/chogori/hot/tests/CMakeFiles/CMakeTmp/CheckSymbolExists.cxx:7:19: error: ‘__ANDROID__’ was not declared in this scope
    7 |   return ((int*)(&__ANDROID__))[argc];
      |                   ^~~~~~~~~~~
make[1]: *** [CMakeFiles/cmTC_d430e.dir/build.make:66: CMakeFiles/cmTC_d430e.dir/CheckSymbolExists.cxx.o] Error 1
make[1]: Leaving directory '/mnt/c/LCY/USTC/chogori/hot/tests/CMakeFiles/CMakeTmp'
make: *** [Makefile:121: cmTC_d430e/fast] Error 2


File /mnt/c/LCY/USTC/chogori/hot/tests/CMakeFiles/CMakeTmp/CheckSymbolExists.cxx:
/* */

int main(int argc, char** argv)
{
  (void)argv;
#ifndef __ANDROID__
  return ((int*)(&__ANDROID__))[argc];
#else
  (void)argc;
  return 0;
#endif
}
Determining if the __FreeBSD__ exist failed with the following output:
Change Dir: /mnt/c/LCY/USTC/chogori/hot/tests/CMakeFiles/CMakeTmp

Run Build Command(s):/usr/bin/make cmTC_c79b7/fast && /usr/bin/make -f CMakeFiles/cmTC_c79b7.dir/build.make CMakeFiles/cmTC_c79b7.dir/build
make[1]: Entering directory '/mnt/c/LCY/USTC/chogori/hot/tests/CMakeFiles/CMakeTmp'
make[1]: Warning: File 'CMakeFiles/cmTC_c79b7.dir/progress.make' has modification time 0.032 s in the future
Building CXX object CMakeFiles/cmTC_c79b7.dir/CheckSymbolExists.cxx.o
/usr/bin/c++    -std=c++14 -march=native -mavx -mavx2 -mbmi2 -mlzcnt -Wno-deprecated-declarations -Wall -fno-builtin-malloc -fno-builtin-calloc -fno-builtin-realloc -fno-builtin-free -faligned-new    -o CMakeFiles/cmTC_c79b7.dir/CheckSymbolExists.cxx.o -c /mnt/c/LCY/USTC/chogori/hot/tests/CMakeFiles/CMakeTmp/CheckSymbolExists.cxx
/mnt/c/LCY/USTC/chogori/hot/tests/CMakeFiles/CMakeTmp/CheckSymbolExists.cxx: In function ‘int main(int, char**)’:
/mnt/c/LCY/USTC/chogori/hot/tests/CMakeFiles/CMakeTmp/CheckSymbolExists.cxx:7:19: error: ‘__FreeBSD__’ was not declared in this scope
    7 |   return ((int*)(&__FreeBSD__))[argc];
      |                   ^~~~~~~~~~~
make[1]: *** [CMakeFiles/cmTC_c79b7.dir/build.make:66: CMakeFiles/cmTC_c79b7.dir/CheckSymbolExists.cxx.o] Error 1
make[1]: Leaving directory '/mnt/c/LCY/USTC/chogori/hot/tests/CMakeFiles/CMakeTmp'
make: *** [Makefile:121: cmTC_c79b7/fast] Error 2


File /mnt/c/LCY/USTC/chogori/hot/tests/CMakeFiles/CMakeTmp/CheckSymbolExists.cxx:
/* */

int main(int argc, char** argv)
{
  (void)argv;
#ifndef __FreeBSD__
  return ((int*)(&__FreeBSD__))[argc];
#else
  (void)argc;
  return 0;
#endif
}
Performing C SOURCE FILE Test CMAKE_HAVE_LIBC_PTHREAD failed with the following output:
Change Dir: /mnt/c/LCY/USTC/chogori/hot/tests/CMakeFiles/CMakeTmp

Run Build Command(s):/usr/bin/make cmTC_4a2d4/fast && /usr/bin/make -f CMakeFiles/cmTC_4a2d4.dir/build.make CMakeFiles/cmTC_4a2d4.dir/build
make[1]: Entering directory '/mnt/c/LCY/USTC/chogori/hot/tests/CMakeFiles/CMakeTmp'
Building C object CMakeFiles/cmTC_4a2d4.dir/src.c.o
/usr/bin/cc   -DCMAKE_HAVE_LIBC_PTHREAD   -o CMakeFiles/cmTC_4a2d4.dir/src.c.o   -c /mnt/c/LCY/USTC/chogori/hot/tests/CMakeFiles/CMakeTmp/src.c
Linking C executable cmTC_4a2d4
/usr/bin/cmake -E cmake_link_script CMakeFiles/cmTC_4a2d4.dir/link.txt --verbose=1
/usr/bin/cc  -DCMAKE_HAVE_LIBC_PTHREAD    -rdynamic CMakeFiles/cmTC_4a2d4.dir/src.c.o  -o cmTC_4a2d4 
/usr/bin/ld: CMakeFiles/cmTC_4a2d4.dir/src.c.o: in function `main':
src.c:(.text+0x46): undefined reference to `pthread_create'
/usr/bin/ld: src.c:(.text+0x52): undefined reference to `pthread_detach'
/usr/bin/ld: src.c:(.text+0x63): undefined reference to `pthread_join'
collect2: error: ld returned 1 exit status
make[1]: *** [CMakeFiles/cmTC_4a2d4.dir/build.make:87: cmTC_4a2d4] Error 1
make[1]: Leaving directory '/mnt/c/LCY/USTC/chogori/hot/tests/CMakeFiles/CMakeTmp'
make: *** [Makefile:121: cmTC_4a2d4/fast] Error 2


Source file was:
#include <pthread.h>

void* test_func(void* data)
{
  return data;
}

int main(void)
{
  pthread_t thread;
  pthread_create(&thread, NULL, test_func, NULL);
  pthread_detach(thread);
  pthread_join(thread, NULL);
  pthread_atfork(NULL, NULL, NULL);
  pthread_exit(NULL);

  return 0;
}

Determining if the function pthread_create exists in the pthreads failed with the following output:
Change Dir: /mnt/c/LCY/USTC/chogori/hot/tests/CMakeFiles/CMakeTmp

Run Build Command(s):/usr/bin/make cmTC_af418/fast && /usr/bin/make -f CMakeFiles/cmTC_af418.dir/build.make CMakeFiles/cmTC_af418.dir/build
make[1]: Entering directory '/mnt/c/LCY/USTC/chogori/hot/tests/CMakeFiles/CMakeTmp'
make[1]: Warning: File 'CMakeFiles/cmTC_af418.dir/progress.make' has modification time 0.015 s in the future
Building C object CMakeFiles/cmTC_af418.dir/CheckFunctionExists.c.o
/usr/bin/cc   -DCHECK_FUNCTION_EXISTS=pthread_create   -o CMakeFiles/cmTC_af418.dir/CheckFunctionExists.c.o   -c /usr/share/cmake-3.16/Modules/CheckFunctionExists.c
Linking C executable cmTC_af418
/usr/bin/cmake -E cmake_link_script CMakeFiles/cmTC_af418.dir/link.txt --verbose=1
/usr/bin/cc  -DCHECK_FUNCTION_EXISTS=pthread_create    -rdynamic CMakeFiles/cmTC_af418.dir/CheckFunctionExists.c.o  -o cmTC_af418  -lpthreads 
/usr/bin/ld: cannot find -lpthreads
collect2: error: ld returned 1 exit status
make[1]: *** [CMakeFiles/cmTC_af418.dir/build.make:87: cmTC_af418] Error 1
make[1]: Leaving directory '/mnt/c/LCY/USTC/chogori/hot/tests/CMakeFiles/CMakeTmp'
make: *** [Makefile:121: cmTC_af418/fast] Error 2



The MPI test test_mpi for C in mode normal failed to compile with the following output:
Change Dir: /mnt/c/LCY/USTC/chogori/hot/tests/CMakeFiles/CMakeTmp

Run Build Command(s):/usr/bin/make cmTC_98de4/fast && /usr/bin/make -f CMakeFiles/cmTC_98de4.dir/build.make CMakeFiles/cmTC_98de4.dir/build
make[1]: Entering directory '/mnt/c/LCY/USTC/chogori/hot/tests/CMakeFiles/CMakeTmp'
Building C object CMakeFiles/cmTC_98de4.dir/test_mpi.c.o
/usr/bin/cc    -o CMakeFiles/cmTC_98de4.dir/test_mpi.c.o   -c /usr/share/cmake-3.16/Modules/FindMPI/test_mpi.c
/usr/share/cmake-3.16/Modules/FindMPI/test_mpi.c:1:10: fatal error: mpi.h: No such file or directory
    1 | #include <mpi.h>
      |          ^~~~~~~
compilation terminated.
make[1]: *** [CMakeFiles/cmTC_98de4.dir/build.make:66: CMakeFiles/cmTC_98de4.dir/test_mpi.c.o] Error 1
make[1]: Leaving directory '/mnt/c/LCY/USTC/chogori/hot/tests/CMakeFiles/CMakeTmp'
make: *** [Makefile:121: cmTC_98de4/fast] Error 2



The MPI test test_mpi for CXX in mode normal failed to compile with the following output:
Change Dir: /mnt/c/LCY/USTC/chogori/hot/tests/CMakeFiles/CMakeTmp

Run Build Command(s):/usr/bin/make cmTC_bac64/fast && /usr/bin/make -f CMakeFiles/cmTC_bac64.dir/build.make CMakeFiles/cmTC_bac64.dir/build
make[1]: Entering directory '/mnt/c/LCY/USTC/chogori/hot/tests/CMakeFiles/CMakeTmp'
Building CXX object CMakeFiles/cmTC_bac64.dir/test_mpi.cpp.o
/usr/bin/c++    -std=c++14 -march=native -mavx -mavx2 -mbmi2 -mlzcnt -Wno-deprecated-declarations -Wall -fno-builtin-malloc -fno-builtin-calloc -fno-builtin-realloc -fno-builtin-free -faligned-new    -o CMakeFiles/cmTC_bac64.dir/test_mpi.cpp.o -c /mnt/c/LCY/USTC/chogori/hot/tests/CMakeFiles/FindMPI/test_mpi.cpp
/mnt/c/LCY/USTC/chogori/hot/tests/CMakeFiles/FindMPI/test_mpi.cpp:1:10: fatal error: mpi.h: No such file or directory
    1 | #include <mpi.h>
      |          ^~~~~~~
compilation terminated.
make[1]: *** [CMakeFiles/cmTC_bac64.dir/build.make:66: CMakeFiles/cmTC_bac64.dir/test_mpi.cpp.o] Error 1
make[1]: Leaving directory '/mnt/c/LCY/USTC/chogori/hot/tests/CMakeFiles/CMakeTmp'
make: *** [Makefile:121: cmTC_bac64/fast] Error 2



